Inserting: 343, 754, 517, 389, 370, 421, 864, 79, 808, 488, 692, 67, 821, 179, 801, 896, 106, 423, 815, 712, 749, 274, 258, 648, 379, 460, 177, 985, 88, 715, 1, 369, 995, 611, 849, 770, 326, 810, 203, 132, 642, 869, 833, 886, 543, 223, 257, 461, 807, 656, 626, 172, 375, 444, 500, 151, 471, 812, 514, 843, 302, 343, 710, 416, 291, 389, 635, 870, 530, 66, 980, 632, 178, 701, 181, 413, 23, 66, 588, 372, 632, 676, 965, 47, 790, 899, 167, 235, 539, 729, 658, 949, 139, 707, 394, 67, 117, 662, 856, 711, 
Insert 343
	InsertCase1
Insert 754
	InsertCase1
	InsertCase2
Insert 517
	InsertCase1
	InsertCase2
	InsertCase3
	InsertCase4
	RotateRight
	InsertCase5
	RotateLeft
Insert 389
	InsertCase1
	InsertCase2
	InsertCase3
	InsertCase1
Insert 370
	InsertCase1
	InsertCase2
	InsertCase3
	InsertCase4
	RotateRight
	InsertCase5
	RotateLeft
Insert 421
	InsertCase1
	InsertCase2
	InsertCase3
	InsertCase1
	InsertCase2
Insert 864
	InsertCase1
	InsertCase2
Insert 79
	InsertCase1
	InsertCase2
Insert 808
	InsertCase1
	InsertCase2
	InsertCase3
	InsertCase4
	RotateRight
	InsertCase5
	RotateLeft
Insert 488
	InsertCase1
	InsertCase2
	InsertCase3
	InsertCase1
	InsertCase2
Insert 692
	InsertCase1
	InsertCase2
	InsertCase3
	InsertCase4
	RotateLeft
	InsertCase5
	RotateRight
Insert 67
	InsertCase1
	InsertCase2
	InsertCase3
	InsertCase1
	InsertCase2
	InsertCase3
	InsertCase4
	RotateLeft
	InsertCase5
	RotateRight
Insert 821
	InsertCase1
	InsertCase2
Insert 179
	InsertCase1
	InsertCase2
	InsertCase3
	InsertCase1
	InsertCase2
	InsertCase3
	InsertCase1
Insert 801
	InsertCase1
	InsertCase2
Insert 896
	InsertCase1
	InsertCase2
Insert 106
	InsertCase1
	InsertCase2
	InsertCase3
	InsertCase4
	RotateRight
	InsertCase5
	RotateLeft
Insert 423
	InsertCase1
	InsertCase2
	InsertCase3
	InsertCase1
	InsertCase2
	InsertCase3
	InsertCase1
	InsertCase2
Insert 815
	InsertCase1
	InsertCase2
	InsertCase3
	InsertCase1
	InsertCase2
Insert 712
	InsertCase1
	InsertCase2
	InsertCase3
	InsertCase4
	InsertCase5
	RotateLeft
Insert 749
	InsertCase1
	InsertCase2
	InsertCase3
	InsertCase1
	InsertCase2
	InsertCase3
	InsertCase1
	InsertCase2
	InsertCase3
	InsertCase4
	RotateRight
	InsertCase5
	RotateLeft
Insert 274
